1.86
1.43
1.79
1.86
1.18
1.76
1.20
1.67
1.57
1.41
1.70
1.67
1.65
2.04
1.71
1.76
1.80
1.86
1.57
1.00
1.79
1.45
1.00
1.58
1.40
1.76
1.00
1.74
1.75
1.00
1.00
2.00
1.89
1.56
1.95
1.00
1.73
1.65
1.27
1.79
1.00
1.40
1.86
1.54
1.25
1.74
1.93
1.75
1.77
1.64
1.53
1.68
1.33
1.22
1.93
1.50
1.96
1.71
1.36
1.38
1.85
1.46
1.75
1.83
2.00
1.00
1.62
1.76
1.93
1.00
1.42
1.00
1.33
1.56
1.87
1.33
1.76
1.00
1.00
1.50
1.47
2.18
2.00
2.07
1.60
1.68
2.14
1.55
1.25
1.79
1.90
1.76
1.85
1.67
1.62
1.55
1.61
1.38
1.39
1.67
1.73
1.75
1.75
1.38
1.41
1.71
1.00
1.53
1.56
1.68
1.57
1.91
1.45
1.88
1.00
1.40
1.85
1.64
1.91
2.14
1.47
1.80
1.67
1.75
1.39
1.68
1.40
1.53
1.64
2.00
1.81
1.78
1.25
1.17
1.38
1.00
1.50
1.90
2.00
1.79
1.76
1.61
1.86
1.64
1.00
1.00
1.52
1.22
1.42
1.40
1.84
1.83
1.37
1.81
1.63
1.59
1.00
1.80
1.40
1.36
2.17
1.45
1.50
1.50
1.75
1.33
1.40
1.00
1.00
1.25
2.17
1.00
1.61
1.29
2.19
1.00
1.58
1.33
1.65
1.00
1.00
1.79
1.40
1.62
1.00
1.33
1.87
1.70
1.68
1.00
1.14
1.73
1.43
1.65
1.91
1.55
1.79
1.65
1.67
1.15
1.60
1.33
1.00
1.00
1.29
1.86
1.56
1.00
1.00
1.68
1.85
1.31
1.79
1.33
1.56
1.96
1.29
1.23
1.71
1.55
1.47
1.66
1.00
1.00
1.60
1.33
1.78
1.00
1.63
1.43
2.00
1.17
1.89
1.00
1.40
1.29
1.00
1.50
1.67
1.75
1.86
1.65
2.04
1.45
1.78
1.40
1.96
1.67
1.67
1.71
1.76
1.57
1.76
1.50
1.50
1.22
1.61
1.00
1.70
1.83
1.69
1.53
2.00
1.47
1.15
1.00
1.63
1.50
2.04
1.89
1.78
1.00
1.15
1.22
1.00
1.81
1.59
1.09
2.00
1.75
1.63
1.44
1.92
1.78
1.71
1.00
2.00
1.70
1.00
1.50
1.40
1.67
1.58
1.77
1.50
1.79
1.41
1.30
1.70
1.75
1.44
1.00
1.84
2.04
1.84
1.40
1.00
1.00
1.55
1.12
1.00
1.75
1.50
1.44
1.40
1.43
1.00
1.63
1.00
1.76
1.00
1.93
1.61
1.25
1.00
1.97
1.70
1.67
1.70
1.38
1.59
1.50
1.67
1.40
1.64
1.57
1.00
1.46
1.43
1.74
1.00
1.72
1.72
1.33
1.60
1.67
1.27
1.36
1.79
1.25
1.46
1.00
1.29
1.38
1.61
1.40
1.68
1.76
1.72
1.38
2.05
1.71
1.84
1.70
1.00
1.44
1.60
1.00
1.64
1.76
1.75
1.88
1.40
1.83
1.75
1.00
1.82
1.00
2.21
1.25
1.65
1.70
1.00
1.20
1.68
1.00
1.79
1.70
1.18
1.17
1.55
1.25
1.00
1.20
1.88
1.22
1.80
1.29
1.67
1.89
1.93
1.25
1.64
1.57
1.62
1.56
1.71
1.53
1.88
1.20
1.62
2.17
1.76
1.00
1.00
1.88
1.67
1.25
1.38
1.79
1.67
1.65
1.00
1.50
1.43
1.68
1.55
1.52
1.60
1.23
1.58
1.83
1.00
1.86
1.44
1.50
1.27
1.79
1.67
1.86
1.29
1.36
1.50
1.67
1.00
1.64
1.63
1.53
1.57
1.71
1.11
1.44
1.29
1.78
2.03
1.73
1.00
1.92
1.47
1.00
1.60
1.62
1.50
1.45
1.38
1.22
1.25
1.22
1.67
1.00
1.67
1.57
1.00
1.45
1.82
1.57
1.00
1.33
1.87
1.62
1.36
1.72
1.36
1.46
1.76
1.29
1.12
1.73
1.80
1.00
1.76
1.25
1.70
1.00
1.72
1.40
1.67
1.33
1.64
1.91
1.40
1.00
1.31
1.70
1.95
1.00
1.90
1.75
1.90
1.54
1.40
1.57
1.45
1.38
1.42
1.77
1.50
1.76
1.25
1.62
1.00
1.52
1.56
1.00
1.27
1.50
1.80
1.79
1.50
1.00
1.85
1.86
2.09
1.64
1.62
1.50
1.62
1.67
1.55
1.62
1.78
1.89
1.22
1.61
1.65
1.58
1.50
1.95
1.00
1.96
1.00
1.40
1.73
1.82
1.90
1.67
1.00
1.55
1.83
1.87
1.62
1.00
1.80
1.92
1.60
1.57
1.00
1.90
1.42
1.89
1.40
1.33
1.92
1.50
2.06
1.60
1.00
1.82
1.00
1.74
1.29
2.00
2.00
1.40
1.30
1.89
1.86
1.79
1.62
1.00
1.00
1.00
1.57
1.43
1.00
1.77
1.00
1.88
1.00
1.40
1.00
1.75
1.00
1.00
1.00
1.60
1.31
1.75
1.74
1.86
1.58
1.79
1.40
1.29
2.10
1.00
1.88
1.50
1.25
1.83
1.43
1.55
1.00
1.00
1.38
1.00
1.50
1.74
2.00
1.25
2.08
1.81
1.50
1.65
1.36
1.00
1.25
1.68
1.36
1.70
1.44
1.57
1.00
1.61
1.77
1.63
1.80
1.40
1.71
1.73
1.53
1.79
1.95
1.81
1.81
1.46
1.62
1.00
2.06
1.29
1.00
1.20
1.81
1.40
1.46
1.50
